#! /usr/bin/vvp
:ivl_version "11.0 (stable)";
:ivl_delay_selection "TYPICAL";
:vpi_time_precision + 0;
:vpi_module "/usr/lib/x86_64-linux-gnu/ivl/system.vpi";
:vpi_module "/usr/lib/x86_64-linux-gnu/ivl/vhdl_sys.vpi";
:vpi_module "/usr/lib/x86_64-linux-gnu/ivl/vhdl_textio.vpi";
:vpi_module "/usr/lib/x86_64-linux-gnu/ivl/v2005_math.vpi";
:vpi_module "/usr/lib/x86_64-linux-gnu/ivl/va_math.vpi";
S_0x57e14715d410 .scope module, "stimuli" "stimuli" 2 1;
 .timescale 0 0;
v0x57e147173be0_0 .var "Cin", 0 0;
v0x57e147173ca0_0 .net "Cout", 0 0, L_0x57e147174420;  1 drivers
v0x57e147173d70_0 .net "Sum", 0 0, L_0x57e147174030;  1 drivers
v0x57e147173e70_0 .var "X", 0 0;
v0x57e147173f40_0 .var "Y", 0 0;
S_0x57e14715d5a0 .scope module, "f" "FullAdder" 2 4, 3 1 0, S_0x57e14715d410;
 .timescale 0 0;
    .port_info 0 /INPUT 1 "X";
    .port_info 1 /INPUT 1 "Y";
    .port_info 2 /INPUT 1 "Cin";
    .port_info 3 /OUTPUT 1 "Sum";
    .port_info 4 /OUTPUT 1 "Cout";
L_0x57e147174030 .functor XOR 1, v0x57e147173e70_0, v0x57e147173f40_0, v0x57e147173be0_0, C4<0>;
L_0x57e147174210 .functor AND 1, v0x57e147173e70_0, v0x57e147173f40_0, C4<1>, C4<1>;
L_0x57e147174280 .functor AND 1, v0x57e147173be0_0, v0x57e147173f40_0, C4<1>, C4<1>;
L_0x57e1471742f0 .functor AND 1, v0x57e147173be0_0, v0x57e147173e70_0, C4<1>, C4<1>;
L_0x57e147174420 .functor OR 1, L_0x57e147174210, L_0x57e147174280, L_0x57e1471742f0, C4<0>;
v0x57e14715d780_0 .net "Cin", 0 0, v0x57e147173be0_0;  1 drivers
v0x57e1471735a0_0 .net "Cout", 0 0, L_0x57e147174420;  alias, 1 drivers
v0x57e147173660_0 .net "Sum", 0 0, L_0x57e147174030;  alias, 1 drivers
v0x57e147173730_0 .net "X", 0 0, v0x57e147173e70_0;  1 drivers
v0x57e1471737f0_0 .net "Y", 0 0, v0x57e147173f40_0;  1 drivers
v0x57e147173900_0 .net "p", 0 0, L_0x57e147174210;  1 drivers
v0x57e1471739c0_0 .net "q", 0 0, L_0x57e147174280;  1 drivers
v0x57e147173a80_0 .net "r", 0 0, L_0x57e1471742f0;  1 drivers
    .scope S_0x57e14715d410;
T_0 ;
    %vpi_call 2 6 "$monitor", "At time %0t:X=%b,Y=%b,Cin=%b,Sum=%b,Cout=%b", $time, v0x57e147173e70_0, v0x57e147173f40_0, v0x57e147173be0_0, v0x57e147173d70_0, v0x57e147173ca0_0 {0 0 0};
    %pushi/vec4 0, 0, 1;
    %store/vec4 v0x57e147173e70_0, 0, 1;
    %pushi/vec4 0, 0, 1;
    %store/vec4 v0x57e147173f40_0, 0, 1;
    %pushi/vec4 0, 0, 1;
    %store/vec4 v0x57e147173be0_0, 0, 1;
    %delay 10, 0;
    %pushi/vec4 0, 0, 1;
    %store/vec4 v0x57e147173e70_0, 0, 1;
    %pushi/vec4 0, 0, 1;
    %store/vec4 v0x57e147173f40_0, 0, 1;
    %pushi/vec4 1, 0, 1;
    %store/vec4 v0x57e147173be0_0, 0, 1;
    %delay 10, 0;
    %pushi/vec4 0, 0, 1;
    %store/vec4 v0x57e147173e70_0, 0, 1;
    %pushi/vec4 1, 0, 1;
    %store/vec4 v0x57e147173f40_0, 0, 1;
    %pushi/vec4 0, 0, 1;
    %store/vec4 v0x57e147173be0_0, 0, 1;
    %delay 10, 0;
    %pushi/vec4 0, 0, 1;
    %store/vec4 v0x57e147173e70_0, 0, 1;
    %pushi/vec4 1, 0, 1;
    %store/vec4 v0x57e147173f40_0, 0, 1;
    %pushi/vec4 1, 0, 1;
    %store/vec4 v0x57e147173be0_0, 0, 1;
    %delay 10, 0;
    %pushi/vec4 1, 0, 1;
    %store/vec4 v0x57e147173e70_0, 0, 1;
    %pushi/vec4 0, 0, 1;
    %store/vec4 v0x57e147173f40_0, 0, 1;
    %pushi/vec4 0, 0, 1;
    %store/vec4 v0x57e147173be0_0, 0, 1;
    %delay 10, 0;
    %pushi/vec4 1, 0, 1;
    %store/vec4 v0x57e147173e70_0, 0, 1;
    %pushi/vec4 0, 0, 1;
    %store/vec4 v0x57e147173f40_0, 0, 1;
    %pushi/vec4 1, 0, 1;
    %store/vec4 v0x57e147173be0_0, 0, 1;
    %delay 10, 0;
    %pushi/vec4 1, 0, 1;
    %store/vec4 v0x57e147173e70_0, 0, 1;
    %pushi/vec4 1, 0, 1;
    %store/vec4 v0x57e147173f40_0, 0, 1;
    %pushi/vec4 0, 0, 1;
    %store/vec4 v0x57e147173be0_0, 0, 1;
    %delay 10, 0;
    %pushi/vec4 1, 0, 1;
    %store/vec4 v0x57e147173f40_0, 0, 1;
    %pushi/vec4 1, 0, 1;
    %store/vec4 v0x57e147173f40_0, 0, 1;
    %pushi/vec4 1, 0, 1;
    %store/vec4 v0x57e147173be0_0, 0, 1;
    %delay 10, 0;
    %vpi_call 2 15 "$finish" {0 0 0};
    %end;
    .thread T_0;
# The file index is used to find the file name in the following table.
:file_names 4;
    "N/A";
    "<interactive>";
    "FullAdder_stim.v";
    "FullAdder.v";
