#! /usr/bin/vvp
:ivl_version "11.0 (stable)";
:ivl_delay_selection "TYPICAL";
:vpi_time_precision - 12;
:vpi_module "/usr/lib/x86_64-linux-gnu/ivl/system.vpi";
:vpi_module "/usr/lib/x86_64-linux-gnu/ivl/vhdl_sys.vpi";
:vpi_module "/usr/lib/x86_64-linux-gnu/ivl/vhdl_textio.vpi";
:vpi_module "/usr/lib/x86_64-linux-gnu/ivl/v2005_math.vpi";
:vpi_module "/usr/lib/x86_64-linux-gnu/ivl/va_math.vpi";
S_0x5cc4ef025d90 .scope module, "main" "main" 2 23;
 .timescale -9 -12;
    .port_info 0 /INPUT 4 "X";
    .port_info 1 /INPUT 4 "Y";
    .port_info 2 /INPUT 1 "Cin";
    .port_info 3 /OUTPUT 4 "Sum";
    .port_info 4 /OUTPUT 1 "Cout";
o0x784bed37f0d8 .functor BUFZ 4, C4<zzzz>; HiZ drive
o0x784bed37f108 .functor BUFZ 4, C4<zzzz>; HiZ drive
L_0x5cc4ef07d4b0 .functor XOR 4, o0x784bed37f0d8, o0x784bed37f108, C4<0000>, C4<0000>;
L_0x5cc4ef07d6d0 .functor XOR 4, L_0x5cc4ef07d4b0, L_0x5cc4ef07d5a0, C4<0000>, C4<0000>;
o0x784bed37f048 .functor BUFZ 1, C4<z>; HiZ drive
L_0x5cc4ef07d7e0 .functor BUFZ 1, o0x784bed37f048, C4<0>, C4<0>, C4<0>;
L_0x5cc4ef07da80 .functor AND 1, L_0x5cc4ef07d8a0, L_0x5cc4ef07d990, C4<1>, C4<1>;
L_0x5cc4ef07de40 .functor XOR 1, L_0x5cc4ef07dc90, L_0x5cc4ef07dd30, C4<0>, C4<0>;
L_0x5cc4ef07df50 .functor AND 1, L_0x5cc4ef07dbc0, L_0x5cc4ef07de40, C4<1>, C4<1>;
L_0x5cc4ef07e0a0 .functor OR 1, L_0x5cc4ef07da80, L_0x5cc4ef07df50, C4<0>, C4<0>;
L_0x5cc4ef07e3d0 .functor AND 1, L_0x5cc4ef07e1b0, L_0x5cc4ef07e250, C4<1>, C4<1>;
L_0x5cc4ef07e720 .functor XOR 1, L_0x5cc4ef07e580, L_0x5cc4ef07e680, C4<0>, C4<0>;
L_0x5cc4ef07e7e0 .functor AND 1, L_0x5cc4ef07e490, L_0x5cc4ef07e720, C4<1>, C4<1>;
L_0x5cc4ef07e950 .functor OR 1, L_0x5cc4ef07e3d0, L_0x5cc4ef07e7e0, C4<0>, C4<0>;
L_0x5cc4ef07eba0 .functor AND 1, L_0x5cc4ef07ec10, L_0x5cc4ef07ecb0, C4<1>, C4<1>;
L_0x5cc4ef07f1e0 .functor XOR 1, L_0x5cc4ef07f010, L_0x5cc4ef07f140, C4<0>, C4<0>;
L_0x5cc4ef07f2a0 .functor AND 1, L_0x5cc4ef07eee0, L_0x5cc4ef07f1e0, C4<1>, C4<1>;
L_0x5cc4ef07ee70 .functor OR 1, L_0x5cc4ef07eba0, L_0x5cc4ef07f2a0, C4<0>, C4<0>;
L_0x5cc4ef07f810 .functor AND 1, L_0x5cc4ef07f520, L_0x5cc4ef07f660, C4<1>, C4<1>;
L_0x5cc4ef07fc60 .functor XOR 1, L_0x5cc4ef07f5c0, L_0x5cc4ef07fb00, C4<0>, C4<0>;
L_0x5cc4ef07fd70 .functor AND 1, L_0x5cc4ef07f9b0, L_0x5cc4ef07fc60, C4<1>, C4<1>;
L_0x5cc4ef07ff20 .functor OR 1, L_0x5cc4ef07f810, L_0x5cc4ef07fd70, C4<0>, C4<0>;
v0x5cc4ef025f20_0 .net "C_i", 3 0, L_0x5cc4ef07ea10;  1 drivers
v0x5cc4ef07aa50_0 .net "Cin", 0 0, o0x784bed37f048;  0 drivers
v0x5cc4ef07ab10_0 .net "Cout", 0 0, L_0x5cc4ef07ff20;  1 drivers
v0x5cc4ef07abe0_0 .net "Sum", 3 0, L_0x5cc4ef07d6d0;  1 drivers
v0x5cc4ef07acc0_0 .net "X", 3 0, o0x784bed37f0d8;  0 drivers
v0x5cc4ef07adf0_0 .net "Y", 3 0, o0x784bed37f108;  0 drivers
v0x5cc4ef07aed0_0 .net *"_ivl_0", 3 0, L_0x5cc4ef07d4b0;  1 drivers
v0x5cc4ef07afb0_0 .net *"_ivl_11", 0 0, L_0x5cc4ef07d7e0;  1 drivers
v0x5cc4ef07b090_0 .net *"_ivl_15", 0 0, L_0x5cc4ef07d8a0;  1 drivers
v0x5cc4ef07b170_0 .net *"_ivl_17", 0 0, L_0x5cc4ef07d990;  1 drivers
v0x5cc4ef07b250_0 .net *"_ivl_18", 0 0, L_0x5cc4ef07da80;  1 drivers
v0x5cc4ef07b330_0 .net *"_ivl_2", 3 0, L_0x5cc4ef07d5a0;  1 drivers
v0x5cc4ef07b410_0 .net *"_ivl_21", 0 0, L_0x5cc4ef07dbc0;  1 drivers
v0x5cc4ef07b4f0_0 .net *"_ivl_23", 0 0, L_0x5cc4ef07dc90;  1 drivers
v0x5cc4ef07b5d0_0 .net *"_ivl_25", 0 0, L_0x5cc4ef07dd30;  1 drivers
v0x5cc4ef07b6b0_0 .net *"_ivl_26", 0 0, L_0x5cc4ef07de40;  1 drivers
v0x5cc4ef07b790_0 .net *"_ivl_28", 0 0, L_0x5cc4ef07df50;  1 drivers
v0x5cc4ef07b980_0 .net *"_ivl_30", 0 0, L_0x5cc4ef07e0a0;  1 drivers
v0x5cc4ef07ba60_0 .net *"_ivl_35", 0 0, L_0x5cc4ef07e1b0;  1 drivers
v0x5cc4ef07bb40_0 .net *"_ivl_37", 0 0, L_0x5cc4ef07e250;  1 drivers
v0x5cc4ef07bc20_0 .net *"_ivl_38", 0 0, L_0x5cc4ef07e3d0;  1 drivers
v0x5cc4ef07bd00_0 .net *"_ivl_41", 0 0, L_0x5cc4ef07e490;  1 drivers
v0x5cc4ef07bde0_0 .net *"_ivl_43", 0 0, L_0x5cc4ef07e580;  1 drivers
v0x5cc4ef07bec0_0 .net *"_ivl_45", 0 0, L_0x5cc4ef07e680;  1 drivers
v0x5cc4ef07bfa0_0 .net *"_ivl_46", 0 0, L_0x5cc4ef07e720;  1 drivers
v0x5cc4ef07c080_0 .net *"_ivl_48", 0 0, L_0x5cc4ef07e7e0;  1 drivers
L_0x784bed336018 .functor BUFT 1, C4<000>, C4<0>, C4<0>, C4<0>;
v0x5cc4ef07c160_0 .net *"_ivl_5", 2 0, L_0x784bed336018;  1 drivers
v0x5cc4ef07c240_0 .net *"_ivl_50", 0 0, L_0x5cc4ef07e950;  1 drivers
v0x5cc4ef07c320_0 .net *"_ivl_56", 0 0, L_0x5cc4ef07ec10;  1 drivers
v0x5cc4ef07c400_0 .net *"_ivl_58", 0 0, L_0x5cc4ef07ecb0;  1 drivers
v0x5cc4ef07c4e0_0 .net *"_ivl_59", 0 0, L_0x5cc4ef07eba0;  1 drivers
v0x5cc4ef07c5c0_0 .net *"_ivl_62", 0 0, L_0x5cc4ef07eee0;  1 drivers
v0x5cc4ef07c6a0_0 .net *"_ivl_64", 0 0, L_0x5cc4ef07f010;  1 drivers
v0x5cc4ef07c990_0 .net *"_ivl_66", 0 0, L_0x5cc4ef07f140;  1 drivers
v0x5cc4ef07ca70_0 .net *"_ivl_67", 0 0, L_0x5cc4ef07f1e0;  1 drivers
v0x5cc4ef07cb50_0 .net *"_ivl_69", 0 0, L_0x5cc4ef07f2a0;  1 drivers
v0x5cc4ef07cc30_0 .net *"_ivl_71", 0 0, L_0x5cc4ef07ee70;  1 drivers
v0x5cc4ef07cd10_0 .net *"_ivl_74", 0 0, L_0x5cc4ef07f520;  1 drivers
v0x5cc4ef07cdf0_0 .net *"_ivl_76", 0 0, L_0x5cc4ef07f660;  1 drivers
v0x5cc4ef07ced0_0 .net *"_ivl_77", 0 0, L_0x5cc4ef07f810;  1 drivers
v0x5cc4ef07cfb0_0 .net *"_ivl_80", 0 0, L_0x5cc4ef07f9b0;  1 drivers
v0x5cc4ef07d090_0 .net *"_ivl_82", 0 0, L_0x5cc4ef07f5c0;  1 drivers
v0x5cc4ef07d170_0 .net *"_ivl_84", 0 0, L_0x5cc4ef07fb00;  1 drivers
v0x5cc4ef07d250_0 .net *"_ivl_85", 0 0, L_0x5cc4ef07fc60;  1 drivers
v0x5cc4ef07d330_0 .net *"_ivl_87", 0 0, L_0x5cc4ef07fd70;  1 drivers
L_0x5cc4ef07d5a0 .concat [ 1 3 0 0], o0x784bed37f048, L_0x784bed336018;
L_0x5cc4ef07d8a0 .part o0x784bed37f0d8, 0, 1;
L_0x5cc4ef07d990 .part o0x784bed37f108, 0, 1;
L_0x5cc4ef07dbc0 .part L_0x5cc4ef07ea10, 0, 1;
L_0x5cc4ef07dc90 .part o0x784bed37f0d8, 0, 1;
L_0x5cc4ef07dd30 .part o0x784bed37f108, 0, 1;
L_0x5cc4ef07e1b0 .part o0x784bed37f0d8, 1, 1;
L_0x5cc4ef07e250 .part o0x784bed37f108, 1, 1;
L_0x5cc4ef07e490 .part L_0x5cc4ef07ea10, 1, 1;
L_0x5cc4ef07e580 .part o0x784bed37f0d8, 1, 1;
L_0x5cc4ef07e680 .part o0x784bed37f108, 1, 1;
L_0x5cc4ef07ea10 .concat8 [ 1 1 1 1], L_0x5cc4ef07d7e0, L_0x5cc4ef07e0a0, L_0x5cc4ef07e950, L_0x5cc4ef07ee70;
L_0x5cc4ef07ec10 .part o0x784bed37f0d8, 2, 1;
L_0x5cc4ef07ecb0 .part o0x784bed37f108, 2, 1;
L_0x5cc4ef07eee0 .part L_0x5cc4ef07ea10, 2, 1;
L_0x5cc4ef07f010 .part o0x784bed37f0d8, 2, 1;
L_0x5cc4ef07f140 .part o0x784bed37f108, 2, 1;
L_0x5cc4ef07f520 .part o0x784bed37f0d8, 3, 1;
L_0x5cc4ef07f660 .part o0x784bed37f108, 3, 1;
L_0x5cc4ef07f9b0 .part L_0x5cc4ef07ea10, 3, 1;
L_0x5cc4ef07f5c0 .part o0x784bed37f0d8, 3, 1;
L_0x5cc4ef07fb00 .part o0x784bed37f108, 3, 1;
# The file index is used to find the file name in the following table.
:file_names 3;
    "N/A";
    "<interactive>";
    "main.v";
